# JRE version: Java(TM) SE Runtime Environment (8.0_161-b12) (build 1.8.0_161-b12)
# Java VM: Java HotSpot(TM) 64-Bit Server VM (25.161-b12 mixed mode windows-amd64 compressed oops)
Heap:
 PSYoungGen      total 31744K, used 8374K [0x00000000d5f80000, 0x00000000d8100000, 0x0000000100000000)
  eden space 31232K, 26% used [0x00000000d5f80000,0x00000000d677d9f8,0x00000000d7e00000)
  from space 512K, 37% used [0x00000000d8080000,0x00000000d80b0010,0x00000000d8100000)
  to   space 1536K, 0% used [0x00000000d7e00000,0x00000000d7e00000,0x00000000d7f80000)
 ParOldGen       total 47616K, used 10504K [0x0000000081e00000, 0x0000000084c80000, 0x00000000d5f80000)
  object space 47616K, 22% used [0x0000000081e00000,0x0000000082842220,0x0000000084c80000)
 Metaspace       used 28295K, capacity 29280K, committed 29440K, reserved 1075200K
  class space    used 3263K, capacity 3488K, committed 3584K, reserved 1048576K
GC Heap History (10 events):
Event: 2389.243 GC heap before
{Heap before GC invocations=57 (full 1):
 PSYoungGen      total 34304K, used 34208K [0x00000000d5f80000, 0x00000000d8480000, 0x0000000100000000)
  eden space 33792K, 100% used [0x00000000d5f80000,0x00000000d8080000,0x00000000d8080000)
  from space 512K, 81% used [0x00000000d8100000,0x00000000d8168010,0x00000000d8180000)
  to   space 2048K, 0% used [0x00000000d8280000,0x00000000d8280000,0x00000000d8480000)
 ParOldGen       total 47616K, used 10448K [0x0000000081e00000, 0x0000000084c80000, 0x00000000d5f80000)
  object space 47616K, 21% used [0x0000000081e00000,0x0000000082834220,0x0000000084c80000)
 Metaspace       used 28225K, capacity 29152K, committed 29440K, reserved 1075200K
  class space    used 3263K, capacity 3488K, committed 3584K, reserved 1048576K
Event: 2389.245 GC heap after
Heap after GC invocations=57 (full 1):
 PSYoungGen      total 34816K, used 384K [0x00000000d5f80000, 0x00000000d8400000, 0x0000000100000000)
  eden space 33280K, 0% used [0x00000000d5f80000,0x00000000d5f80000,0x00000000d8000000)
  from space 1536K, 25% used [0x00000000d8280000,0x00000000d82e0020,0x00000000d8400000)
  to   space 2048K, 0% used [0x00000000d8000000,0x00000000d8000000,0x00000000d8200000)
 ParOldGen       total 47616K, used 10464K [0x0000000081e00000, 0x0000000084c80000, 0x00000000d5f80000)
  object space 47616K, 21% used [0x0000000081e00000,0x0000000082838220,0x0000000084c80000)
 Metaspace       used 28225K, capacity 29152K, committed 29440K, reserved 1075200K
  class space    used 3263K, capacity 3488K, committed 3584K, reserved 1048576K
}
Event: 2389.560 GC heap before
{Heap before GC invocations=58 (full 1):
 PSYoungGen      total 34816K, used 33664K [0x00000000d5f80000, 0x00000000d8400000, 0x0000000100000000)
  eden space 33280K, 100% used [0x00000000d5f80000,0x00000000d8000000,0x00000000d8000000)
  from space 1536K, 25% used [0x00000000d8280000,0x00000000d82e0020,0x00000000d8400000)
  to   space 2048K, 0% used [0x00000000d8000000,0x00000000d8000000,0x00000000d8200000)
 ParOldGen       total 47616K, used 10464K [0x0000000081e00000, 0x0000000084c80000, 0x00000000d5f80000)
  object space 47616K, 21% used [0x0000000081e00000,0x0000000082838220,0x0000000084c80000)
 Metaspace       used 28225K, capacity 29152K, committed 29440K, reserved 1075200K
  class space    used 3263K, capacity 3488K, committed 3584K, reserved 1048576K
Event: 2389.562 GC heap after
Heap after GC invocations=58 (full 1):
 PSYoungGen      total 33280K, used 288K [0x00000000d5f80000, 0x00000000d8380000, 0x0000000100000000)
  eden space 32768K, 0% used [0x00000000d5f80000,0x00000000d5f80000,0x00000000d7f80000)
  from space 512K, 56% used [0x00000000d8000000,0x00000000d8048010,0x00000000d8080000)
  to   space 2048K, 0% used [0x00000000d8180000,0x00000000d8180000,0x00000000d8380000)
 ParOldGen       total 47616K, used 10464K [0x0000000081e00000, 0x0000000084c80000, 0x00000000d5f80000)
  object space 47616K, 21% used [0x0000000081e00000,0x0000000082838220,0x0000000084c80000)
 Metaspace       used 28225K, capacity 29152K, committed 29440K, reserved 1075200K
  class space    used 3263K, capacity 3488K, committed 3584K, reserved 1048576K
}
Event: 2389.871 GC heap before
{Heap before GC invocations=59 (full 1):
 PSYoungGen      total 33280K, used 33056K [0x00000000d5f80000, 0x00000000d8380000, 0x0000000100000000)
  eden space 32768K, 100% used [0x00000000d5f80000,0x00000000d7f80000,0x00000000d7f80000)
  from space 512K, 56% used [0x00000000d8000000,0x00000000d8048010,0x00000000d8080000)
  to   space 2048K, 0% used [0x00000000d8180000,0x00000000d8180000,0x00000000d8380000)
 ParOldGen       total 47616K, used 10464K [0x0000000081e00000, 0x0000000084c80000, 0x00000000d5f80000)
  object space 47616K, 21% used [0x0000000081e00000,0x0000000082838220,0x0000000084c80000)
 Metaspace       used 28277K, capacity 29216K, committed 29440K, reserved 1075200K
  class space    used 3263K, capacity 3488K, committed 3584K, reserved 1048576K
Event: 2389.872 GC heap after
Heap after GC invocations=59 (full 1):
 PSYoungGen      total 33792K, used 160K [0x00000000d5f80000, 0x00000000d8300000, 0x0000000100000000)
  eden space 32256K, 0% used [0x00000000d5f80000,0x00000000d5f80000,0x00000000d7f00000)
  from space 1536K, 10% used [0x00000000d8180000,0x00000000d81a8010,0x00000000d8300000)
  to   space 2048K, 0% used [0x00000000d7f00000,0x00000000d7f00000,0x00000000d8100000)
 ParOldGen       total 47616K, used 10472K [0x0000000081e00000, 0x0000000084c80000, 0x00000000d5f80000)
  object space 47616K, 21% used [0x0000000081e00000,0x000000008283a220,0x0000000084c80000)
 Metaspace       used 28277K, capacity 29216K, committed 29440K, reserved 1075200K
  class space    used 3263K, capacity 3488K, committed 3584K, reserved 1048576K
}
Event: 2390.328 GC heap before
{Heap before GC invocations=60 (full 1):
 PSYoungGen      total 33792K, used 32416K [0x00000000d5f80000, 0x00000000d8300000, 0x0000000100000000)
  eden space 32256K, 100% used [0x00000000d5f80000,0x00000000d7f00000,0x00000000d7f00000)
  from space 1536K, 10% used [0x00000000d8180000,0x00000000d81a8010,0x00000000d8300000)
  to   space 2048K, 0% used [0x00000000d7f00000,0x00000000d7f00000,0x00000000d8100000)
 ParOldGen       total 47616K, used 10472K [0x0000000081e00000, 0x0000000084c80000, 0x00000000d5f80000)
  object space 47616K, 21% used [0x0000000081e00000,0x000000008283a220,0x0000000084c80000)
 Metaspace       used 28294K, capacity 29280K, committed 29440K, reserved 1075200K
  class space    used 3263K, capacity 3488K, committed 3584K, reserved 1048576K
Event: 2390.331 GC heap after
Heap after GC invocations=60 (full 1):
 PSYoungGen      total 32256K, used 416K [0x00000000d5f80000, 0x00000000d8200000, 0x0000000100000000)
  eden space 31744K, 0% used [0x00000000d5f80000,0x00000000d5f80000,0x00000000d7e80000)
  from space 512K, 81% used [0x00000000d7f00000,0x00000000d7f68010,0x00000000d7f80000)
  to   space 1536K, 0% used [0x00000000d8080000,0x00000000d8080000,0x00000000d8200000)
 ParOldGen       total 47616K, used 10488K [0x0000000081e00000, 0x0000000084c80000, 0x00000000d5f80000)
  object space 47616K, 22% used [0x0000000081e00000,0x000000008283e220,0x0000000084c80000)
 Metaspace       used 28294K, capacity 29280K, committed 29440K, reserved 1075200K
  class space    used 3263K, capacity 3488K, committed 3584K, reserved 1048576K
}
Event: 2390.829 GC heap before
{Heap before GC invocations=61 (full 1):
 PSYoungGen      total 32256K, used 32160K [0x00000000d5f80000, 0x00000000d8200000, 0x0000000100000000)
  eden space 31744K, 100% used [0x00000000d5f80000,0x00000000d7e80000,0x00000000d7e80000)
  from space 512K, 81% used [0x00000000d7f00000,0x00000000d7f68010,0x00000000d7f80000)
  to   space 1536K, 0% used [0x00000000d8080000,0x00000000d8080000,0x00000000d8200000)
 ParOldGen       total 47616K, used 10488K [0x0000000081e00000, 0x0000000084c80000, 0x00000000d5f80000)
  object space 47616K, 22% used [0x0000000081e00000,0x000000008283e220,0x0000000084c80000)
 Metaspace       used 28295K, capacity 29280K, committed 29440K, reserved 1075200K
  class space    used 3263K, capacity 3488K, committed 3584K, reserved 1048576K
Event: 2390.832 GC heap after
Heap after GC invocations=61 (full 1):
 PSYoungGen      total 31744K, used 192K [0x00000000d5f80000, 0x00000000d8100000, 0x0000000100000000)
  eden space 31232K, 0% used [0x00000000d5f80000,0x00000000d5f80000,0x00000000d7e00000)
  from space 512K, 37% used [0x00000000d8080000,0x00000000d80b0010,0x00000000d8100000)
  to   space 1536K, 0% used [0x00000000d7e00000,0x00000000d7e00000,0x00000000d7f80000)
 ParOldGen       total 47616K, used 10504K [0x0000000081e00000, 0x0000000084c80000, 0x00000000d5f80000)
  object space 47616K, 22% used [0x0000000081e00000,0x0000000082842220,0x0000000084c80000)
 Metaspace       used 28295K, capacity 29280K, committed 29440K, reserved 1075200K
  class space    used 3263K, capacity 3488K, committed 3584K, reserved 1048576K
}

