<?xml version="1.0" encoding="UTF-8"?>
<!-- Generated by org.testng.reporters.JUnitXMLReporter -->
<testsuite hostname="Chandan" ignored="0" name="Default test" tests="2" failures="0" timestamp="27 Jan 2020 07:05:02 GMT" time="221.973" errors="0">
  <testcase name="MangaeVisitorPasses" time="107.287" classname="com.TestNGScript.file.SK_LA_VisitorPasses"/>
  <testcase name="IssueVisitorPass" time="66.62" classname="com.TestNGScript.file.SK_LA_VisitorPasses"/>
</testsuite> <!-- Default test -->
