<?xml version="1.0" encoding="UTF-8"?>
<!-- Generated by org.testng.reporters.JUnitXMLReporter -->
<testsuite hostname="Chandan" ignored="0" name="Default test" tests="4" failures="0" timestamp="30 Jul 2019 05:35:24 GMT" time="102.456" errors="0">
  <testcase name="loginSK" time="13.256" classname="com.TestNGScript.file.LoginSKDataProvider"/>
  <testcase name="loginSK" time="6.434" classname="com.TestNGScript.file.LoginSKDataProvider"/>
  <testcase name="loginSK" time="4.286" classname="com.TestNGScript.file.LoginSKDataProvider"/>
  <testcase name="loginSK" time="4.405" classname="com.TestNGScript.file.LoginSKDataProvider"/>
</testsuite> <!-- Default test -->
