<?xml version="1.0" encoding="UTF-8"?>
<!-- Generated by org.testng.reporters.JUnitXMLReporter -->
<testsuite hostname="Chandan" ignored="0" name="HomeAmazon" tests="3" failures="0" timestamp="13 Nov 2019 06:45:01 GMT" time="23.784" errors="0">
  <testcase name="@BeforeMethod launchAmazon" time="23.76" classname="com.TestNGScript.file.HomeAmazon">
    <failure type="org.openqa.selenium.TimeoutException" message="timeout
  (Session info: chrome=78.0.3904.97)
Build info: version: &amp;apos;3.141.59&amp;apos;, revision: &amp;apos;e82be7d358&amp;apos;, time: &amp;apos;2018-11-14T08:17:03&amp;apos;
System info: host: &amp;apos;CHANDAN&amp;apos;, ip: &amp;apos;192.168.0.17&amp;apos;, os.name: &amp;apos;Windows 10&amp;apos;, os.arch: &amp;apos;amd64&amp;apos;, os.version: &amp;apos;10.0&amp;apos;, java.version: &amp;apos;1.8.0_161&amp;apos;
Driver info: org.openqa.selenium.chrome.ChromeDriver
Capabilities {acceptInsecureCerts: false, browserName: chrome, browserVersion: 78.0.3904.97, chrome: {chromedriverVersion: 77.0.3865.40 (f484704e052e0..., userDataDir: C:\Users\Chandan\AppData\Lo...}, goog:chromeOptions: {debuggerAddress: localhost:62847}, javascriptEnabled: true, networkConnectionEnabled: false, pageLoadStrategy: normal, platform: XP, platformName: XP, proxy: Proxy(), setWindowRect: true, strictFileInteractability: false, timeouts: {implicit: 0, pageLoad: 300000, script: 30000}, unhandledPromptBehavior: dismiss and notify}
Session ID: f9ff7518c271ed5dae0cb49577b85d11">
      <![CDATA[org.openqa.selenium.TimeoutException: timeout
  (Session info: chrome=78.0.3904.97)
Build info: version: '3.141.59', revision: 'e82be7d358', time: '2018-11-14T08:17:03'
System info: host: 'CHANDAN', ip: '192.168.0.17', os.name: 'Windows 10', os.arch: 'amd64', os.version: '10.0', java.version: '1.8.0_161'
Driver info: org.openqa.selenium.chrome.ChromeDriver
Capabilities {acceptInsecureCerts: false, browserName: chrome, browserVersion: 78.0.3904.97, chrome: {chromedriverVersion: 77.0.3865.40 (f484704e052e0..., userDataDir: C:\Users\Chandan\AppData\Lo...}, goog:chromeOptions: {debuggerAddress: localhost:62847}, javascriptEnabled: true, networkConnectionEnabled: false, pageLoadStrategy: normal, platform: XP, platformName: XP, proxy: Proxy(), setWindowRect: true, strictFileInteractability: false, timeouts: {implicit: 0, pageLoad: 300000, script: 30000}, unhandledPromptBehavior: dismiss and notify}
Session ID: f9ff7518c271ed5dae0cb49577b85d11
at org.openqa.selenium.remote.http.W3CHttpResponseCodec.createException(W3CHttpResponseCodec.java:187)
at org.openqa.selenium.remote.http.W3CHttpResponseCodec.decode(W3CHttpResponseCodec.java:122)
at org.openqa.selenium.remote.http.W3CHttpResponseCodec.decode(W3CHttpResponseCodec.java:49)
at org.openqa.selenium.remote.HttpCommandExecutor.execute(HttpCommandExecutor.java:158)
at org.openqa.selenium.remote.service.DriverCommandExecutor.execute(DriverCommandExecutor.java:83)
at org.openqa.selenium.remote.RemoteWebDriver.execute(RemoteWebDriver.java:552)
at org.openqa.selenium.remote.RemoteWebDriver.get(RemoteWebDriver.java:277)
at com.TestNGScript.file.HomeAmazon.launchAmazon(HomeAmazon.java:24)
... Removed 32 stack frames]]>
    </failure>
  </testcase> <!-- @BeforeMethod launchAmazon -->
  <testcase name="@AfterMethod tearDown" time="0.0" classname="com.TestNGScript.file.HomeAmazon">
    <skipped/>
  </testcase> <!-- @AfterMethod tearDown -->
  <testcase name="@BeforeMethod launchAmazon" time="0.0" classname="com.TestNGScript.file.HomeAmazon">
    <skipped/>
  </testcase> <!-- @BeforeMethod launchAmazon -->
  <testcase name="@AfterMethod tearDown" time="0.0" classname="com.TestNGScript.file.HomeAmazon">
    <skipped/>
  </testcase> <!-- @AfterMethod tearDown -->
  <testcase name="@BeforeMethod launchAmazon" time="0.0" classname="com.TestNGScript.file.HomeAmazon">
    <skipped/>
  </testcase> <!-- @BeforeMethod launchAmazon -->
  <testcase name="@AfterMethod tearDown" time="0.0" classname="com.TestNGScript.file.HomeAmazon">
    <skipped/>
  </testcase> <!-- @AfterMethod tearDown -->
  <testcase name="TestHomePageTitle" time="0.0" classname="com.TestNGScript.file.HomeAmazon">
    <skipped/>
  </testcase> <!-- TestHomePageTitle -->
  <testcase name="TestAmazonLogo" time="0.0" classname="com.TestNGScript.file.HomeAmazon">
    <skipped/>
  </testcase> <!-- TestAmazonLogo -->
  <testcase name="TestAmazonSell" time="0.0" classname="com.TestNGScript.file.HomeAmazon">
    <skipped/>
  </testcase> <!-- TestAmazonSell -->
</testsuite> <!-- HomeAmazon -->
