<?xml version="1.0" encoding="UTF-8"?>
<!-- Generated by org.testng.reporters.JUnitXMLReporter -->
<testsuite hostname="Chandan" ignored="0" name="HomeAmazon" tests="3" failures="0" timestamp="28 Sep 2019 11:59:52 GMT" time="57.544" errors="0">
  <testcase name="TestHomePageTitle" time="0.241" classname="com.TestNGScript.file.HomeAmazon"/>
  <testcase name="TestAmazonLogo" time="0.266" classname="com.TestNGScript.file.HomeAmazon"/>
  <testcase name="TestAmazonSell" time="4.403" classname="com.TestNGScript.file.HomeAmazon"/>
</testsuite> <!-- HomeAmazon -->
