<?xml version="1.0" encoding="UTF-8"?>
<!-- Generated by org.testng.reporters.JUnitXMLReporter -->
<testsuite hostname="Chandan" ignored="0" name="MMT_HomePage" tests="1" failures="1" timestamp="20 Nov 2019 06:00:44 GMT" time="106.347" errors="0">
  <testcase name="BookTicket" time="97.676" classname="com.TestNGScript.file.MMT_HomePage">
    <failure type="java.lang.IndexOutOfBoundsException" message="Index: 0, Size: 0">
      <![CDATA[java.lang.IndexOutOfBoundsException: Index: 0, Size: 0
at java.util.ArrayList.rangeCheck(ArrayList.java:657)
at java.util.ArrayList.get(ArrayList.java:433)
at com.BussinessFlow.file.MMT_HomePageBL.Adult_Traveller(MMT_HomePageBL.java:203)
at com.TestNGScript.file.MMT_HomePage.BookTicket(MMT_HomePage.java:48)
... Removed 25 stack frames]]>
    </failure>
  </testcase> <!-- BookTicket -->
</testsuite> <!-- MMT_HomePage -->
