<?xml version="1.0" encoding="UTF-8"?>
<!-- Generated by org.testng.reporters.JUnitXMLReporter -->
<testsuite hostname="Chandan" ignored="0" name="SK_911Incident" tests="1" failures="0" timestamp="16 Jan 2021 12:18:48 GMT" time="0.069" errors="0">
  <testcase name="@BeforeMethod launchSKApp" time="0.008" classname="com.TestNGScript.file.SK_911Incident">
    <failure type="java.lang.IllegalStateException" message="The driver executable does not exist: F:\Eclipse\Git\SeleniumWebScripts\TestAId\Test Data\chromedriver.exe">
      <![CDATA[java.lang.IllegalStateException: The driver executable does not exist: F:\Eclipse\Git\SeleniumWebScripts\TestAId\Test Data\chromedriver.exe
at com.google.common.base.Preconditions.checkState(Preconditions.java:585)
at org.openqa.selenium.remote.service.DriverService.checkExecutable(DriverService.java:146)
at org.openqa.selenium.remote.service.DriverService.findExecutable(DriverService.java:141)
at org.openqa.selenium.chrome.ChromeDriverService.access$000(ChromeDriverService.java:35)
at org.openqa.selenium.chrome.ChromeDriverService$Builder.findDefaultExecutable(ChromeDriverService.java:159)
at org.openqa.selenium.remote.service.DriverService$Builder.build(DriverService.java:355)
at org.openqa.selenium.chrome.ChromeDriverService.createDefaultService(ChromeDriverService.java:94)
at org.openqa.selenium.chrome.ChromeDriver.<init>(ChromeDriver.java:123)
at com.Commonutills.file.Base.chromeDriver(Base.java:60)
at com.Commonutills.file.Base.openSKApp(Base.java:91)
at com.TestNGScript.file.SK_911Incident.launchSKApp(SK_911Incident.java:32)
... Removed 28 stack frames]]>
    </failure>
  </testcase> <!-- @BeforeMethod launchSKApp -->
  <testcase name="@AfterMethod closeBrowser" time="0.0" classname="com.TestNGScript.file.SK_911Incident">
    <skipped/>
  </testcase> <!-- @AfterMethod closeBrowser -->
  <testcase name="verify911" time="0.0" classname="com.TestNGScript.file.SK_911Incident">
    <skipped/>
  </testcase> <!-- verify911 -->
</testsuite> <!-- SK_911Incident -->
