<?xml version="1.0" encoding="UTF-8"?>
<!-- Generated by org.testng.reporters.JUnitXMLReporter -->
<testsuite hostname="Chandan" ignored="0" name="SK_Login" tests="3" failures="0" timestamp="28 Jan 2020 05:35:30 GMT" time="83.11" errors="0">
  <testcase name="loginSASafetyKuvrr" time="7.601" classname="com.TestNGScript.file.SK_Login"/>
  <testcase name="loginLASafetyKuvrr" time="7.53" classname="com.TestNGScript.file.SK_Login"/>
  <testcase name="loginObsSafetyKuvrr" time="8.056" classname="com.TestNGScript.file.SK_Login"/>
</testsuite> <!-- SK_Login -->
