<?xml version="1.0" encoding="UTF-8"?>
<!-- Generated by org.testng.reporters.JUnitXMLReporter -->
<testsuite hostname="Chandan" ignored="0" name="SK_LA_CreateVisitorPasses" tests="2" failures="1" timestamp="27 Aug 2020 14:16:06 GMT" time="219.149" errors="0">
  <testcase name="IssueVisitorPassWithSKApp" time="101.766" classname="com.TestNGScript.file.SK_LA_CreateVisitorPasses"/>
  <testcase name="IssueVisitorPassWithNotificationOnly" time="27.95" classname="com.TestNGScript.file.SK_LA_CreateVisitorPasses">
    <failure type="junit.framework.ComparisonFailure" message="expected:&amp;lt;[Issue Visitor Pas]s&amp;gt; but was:&amp;lt;[Active Event]s&amp;gt;">
      <![CDATA[junit.framework.ComparisonFailure: expected:<[Issue Visitor Pas]s> but was:<[Active Event]s>
at junit.framework.Assert.assertEquals(Assert.java:100)
at junit.framework.Assert.assertEquals(Assert.java:107)
at com.BussinessFlow.file.SK_IssueVisitorPassBL.verifyIssueVisitorPassNotificationOnly(SK_IssueVisitorPassBL.java:108)
at com.TestNGScript.file.SK_LA_CreateVisitorPasses.IssueVisitorPassWithNotificationOnly(SK_LA_CreateVisitorPasses.java:68)
... Removed 25 stack frames]]>
    </failure>
  </testcase> <!-- IssueVisitorPassWithNotificationOnly -->
</testsuite> <!-- SK_LA_CreateVisitorPasses -->
