<?xml version="1.0" encoding="UTF-8"?>
<!-- Generated by org.testng.reporters.JUnitXMLReporter -->
<testsuite hostname="Chandan" ignored="0" name="SK_LA_ScheduleNotification" tests="1" failures="1" timestamp="29 Jan 2021 14:36:32 GMT" time="203.081" errors="0">
  <testcase name="ScheduleNotification" time="159.773" classname="com.TestNGScript.file.SK_LA_ScheduleNotification">
    <failure type="org.openqa.selenium.NoSuchElementException" message="no such element: Unable to locate element: {&amp;quot;method&amp;quot;:&amp;quot;xpath&amp;quot;,&amp;quot;selector&amp;quot;:&amp;quot;//td[@class=&amp;apos; &amp;apos;][@data-handler=&amp;apos;selectDay&amp;apos;][@data-event=&amp;apos;click&amp;apos;]&amp;quot;}
  (Session info: chrome=88.0.4324.104)
For documentation on this error, please visit: https://www.seleniumhq.org/exceptions/no_such_element.html
Build info: version: &amp;apos;3.141.59&amp;apos;, revision: &amp;apos;e82be7d358&amp;apos;, time: &amp;apos;2018-11-14T08:17:03&amp;apos;
System info: host: &amp;apos;CHANDAN&amp;apos;, ip: &amp;apos;192.168.0.4&amp;apos;, os.name: &amp;apos;Windows 10&amp;apos;, os.arch: &amp;apos;amd64&amp;apos;, os.version: &amp;apos;10.0&amp;apos;, java.version: &amp;apos;1.8.0_161&amp;apos;
Driver info: org.openqa.selenium.chrome.ChromeDriver
Capabilities {acceptInsecureCerts: false, browserName: chrome, browserVersion: 88.0.4324.104, chrome: {chromedriverVersion: 87.0.4280.20 (c99e81631faa0..., userDataDir: C:\Users\Chandan\AppData\Lo...}, goog:chromeOptions: {debuggerAddress: localhost:57681}, javascriptEnabled: true, networkConnectionEnabled: false, pageLoadStrategy: normal, platform: WINDOWS, platformName: WINDOWS, proxy: Proxy(), setWindowRect: true, strictFileInteractability: false, timeouts: {implicit: 0, pageLoad: 300000, script: 30000}, unhandledPromptBehavior: dismiss and notify, webauthn:virtualAuthenticators: true}
Session ID: e8a69f5f79d24af15a9da29d3eaf827e
*** Element info: {Using=xpath, value=//td[@class=&amp;apos; &amp;apos;][@data-handler=&amp;apos;selectDay&amp;apos;][@data-event=&amp;apos;click&amp;apos;]}">
      <![CDATA[org.openqa.selenium.NoSuchElementException: no such element: Unable to locate element: {"method":"xpath","selector":"//td[@class=' '][@data-handler='selectDay'][@data-event='click']"}
  (Session info: chrome=88.0.4324.104)
For documentation on this error, please visit: https://www.seleniumhq.org/exceptions/no_such_element.html
Build info: version: '3.141.59', revision: 'e82be7d358', time: '2018-11-14T08:17:03'
System info: host: 'CHANDAN', ip: '192.168.0.4', os.name: 'Windows 10', os.arch: 'amd64', os.version: '10.0', java.version: '1.8.0_161'
Driver info: org.openqa.selenium.chrome.ChromeDriver
Capabilities {acceptInsecureCerts: false, browserName: chrome, browserVersion: 88.0.4324.104, chrome: {chromedriverVersion: 87.0.4280.20 (c99e81631faa0..., userDataDir: C:\Users\Chandan\AppData\Lo...}, goog:chromeOptions: {debuggerAddress: localhost:57681}, javascriptEnabled: true, networkConnectionEnabled: false, pageLoadStrategy: normal, platform: WINDOWS, platformName: WINDOWS, proxy: Proxy(), setWindowRect: true, strictFileInteractability: false, timeouts: {implicit: 0, pageLoad: 300000, script: 30000}, unhandledPromptBehavior: dismiss and notify, webauthn:virtualAuthenticators: true}
Session ID: e8a69f5f79d24af15a9da29d3eaf827e
*** Element info: {Using=xpath, value=//td[@class=' '][@data-handler='selectDay'][@data-event='click']}
at org.openqa.selenium.remote.http.W3CHttpResponseCodec.createException(W3CHttpResponseCodec.java:187)
at org.openqa.selenium.remote.http.W3CHttpResponseCodec.decode(W3CHttpResponseCodec.java:122)
at org.openqa.selenium.remote.http.W3CHttpResponseCodec.decode(W3CHttpResponseCodec.java:49)
at org.openqa.selenium.remote.HttpCommandExecutor.execute(HttpCommandExecutor.java:158)
at org.openqa.selenium.remote.service.DriverCommandExecutor.execute(DriverCommandExecutor.java:83)
at org.openqa.selenium.remote.RemoteWebDriver.execute(RemoteWebDriver.java:552)
at org.openqa.selenium.remote.RemoteWebDriver.findElement(RemoteWebDriver.java:323)
at org.openqa.selenium.remote.RemoteWebDriver.findElementByXPath(RemoteWebDriver.java:428)
at org.openqa.selenium.By$ByXPath.findElement(By.java:353)
at org.openqa.selenium.remote.RemoteWebDriver.findElement(RemoteWebDriver.java:315)
at com.PageObjectRepository.file.SK_ScheduleNotificationPO.selectCalendarDate(SK_ScheduleNotificationPO.java:241)
at com.BussinessFlow.file.SK_ScheduleNotificationBL.createNewSchedule(SK_ScheduleNotificationBL.java:108)
at com.TestNGScript.file.SK_LA_ScheduleNotification.ScheduleNotification(SK_LA_ScheduleNotification.java:54)
... Removed 29 stack frames]]>
    </failure>
  </testcase> <!-- ScheduleNotification -->
</testsuite> <!-- SK_LA_ScheduleNotification -->
