<?xml version="1.0" encoding="UTF-8"?>
<!-- Generated by org.testng.reporters.JUnitXMLReporter -->
<testsuite hostname="Chandan" ignored="0" name="SK_LA_VisitorPasses" tests="2" failures="0" timestamp="05 May 2020 05:22:48 GMT" time="340.416" errors="0">
  <testcase name="MangaeVisitorPasses" time="132.8" classname="com.TestNGScript.file.SK_LA_VisitorPasses"/>
  <testcase name="IssueVisitorPass" time="81.093" classname="com.TestNGScript.file.SK_LA_VisitorPasses"/>
</testsuite> <!-- SK_LA_VisitorPasses -->
