<?xml version="1.0" encoding="UTF-8"?>
<!-- Generated by org.testng.reporters.JUnitXMLReporter -->
<testsuite hostname="Chandan" ignored="0" name="SK_LA_VisitorPassType" tests="3" failures="0" timestamp="11 Jun 2020 07:28:17 GMT" time="351.926" errors="0">
  <testcase name="ManageVisitorPassType" time="105.899" classname="com.TestNGScript.file.SK_LA_VisitorPassType"/>
  <testcase name="EditVisitorPassType" time="69.523" classname="com.TestNGScript.file.SK_LA_VisitorPassType"/>
  <testcase name="CreateVisitorPassType" time="72.956" classname="com.TestNGScript.file.SK_LA_VisitorPassType"/>
</testsuite> <!-- SK_LA_VisitorPassType -->
