<?xml version="1.0" encoding="UTF-8"?>
<!-- Generated by org.testng.reporters.JUnitXMLReporter -->
<testsuite hostname="Chandan" ignored="0" name="SK_Login" tests="3" failures="0" timestamp="31 Jan 2020 05:18:28 GMT" time="89.363" errors="0">
  <testcase name="loginSASafetyKuvrr" time="8.758" classname="com.TestNGScript.file.SK_Login"/>
  <testcase name="loginLASafetyKuvrr" time="6.309" classname="com.TestNGScript.file.SK_Login"/>
  <testcase name="loginObsSafetyKuvrr" time="6.397" classname="com.TestNGScript.file.SK_Login"/>
</testsuite> <!-- SK_Login -->
