<?xml version="1.0" encoding="UTF-8"?>
<!-- Generated by org.testng.reporters.JUnitXMLReporter -->
<testsuite hostname="Chandan" ignored="0" name="Test" tests="4" failures="0" timestamp="27 Jul 2019 12:19:12 GMT" time="131.365" errors="0">
  <testcase name="loginSafetyKuvrr" time="3.563" classname="com.TestNGScript.file.LoginSafetyKuvrr"/>
  <testcase name="TestHambugerMenuClick" time="17.073" classname="com.TestNGScript.file.SafetyKuvrrHomePageMenu"/>
  <testcase name="launchSafetyApp" time="15.63" classname="com.TestNGScript.file.SafetyKuvrrOpenIncident"/>
  <testcase name="launchSafetyApp" time="10.395" classname="com.TestNGScript.file.SafetyKuvrrBroadcast"/>
</testsuite> <!-- Test -->
