<?xml version="1.0" encoding="UTF-8"?>
<!-- Generated by org.testng.reporters.JUnitXMLReporter -->
<testsuite hostname="Chandan" ignored="0" name="Test" tests="4" failures="0" timestamp="09 Aug 2019 13:33:12 GMT" time="148.948" errors="0">
  <testcase name="loginSafetyKuvrr" time="3.445" classname="com.TestNGScript.file.LoginSafetyKuvrr"/>
  <testcase name="TestHambugerMenuClick" time="17.546" classname="com.TestNGScript.file.SafetyKuvrrHomePageMenu"/>
  <testcase name="launchSafetyApp" time="33.895" classname="com.TestNGScript.file.SafetyKuvrrOpenIncident"/>
  <testcase name="launchSafetyApp" time="11.038" classname="com.TestNGScript.file.SafetyKuvrrBroadcast"/>
</testsuite> <!-- Test -->
