<?xml version="1.0" encoding="UTF-8"?>
<!-- Generated by org.testng.reporters.JUnitXMLReporter -->
<testsuite hostname="Chandan" ignored="0" name="TestNGScript" tests="2" failures="1" timestamp="15 Feb 2019 07:48:07 GMT" time="26.92" errors="0">
  <testcase name="homepage" time="26.855" classname="com.TestNGScript.file.HomeAmazon"/>
  <testcase name="loginTest" time="0.007" classname="com.TestNGScript.file.LoginAmazon">
    <failure type="java.lang.NullPointerException">
      <![CDATA[java.lang.NullPointerException
at com.PageObjectRepository.file.LoginAmazonPL.Email(LoginAmazonPL.java:28)
at com.BussinessFlow.file.LoginAmazonBL.login(LoginAmazonBL.java:57)
at com.TestNGScript.file.LoginAmazon.loginTest(LoginAmazon.java:23)
... Removed 25 stack frames]]>
    </failure>
  </testcase> <!-- loginTest -->
</testsuite> <!-- TestNGScript -->
