<?xml version="1.0" encoding="UTF-8"?>
<!-- Generated by org.testng.reporters.JUnitXMLReporter -->
<testsuite hostname="Chandan" ignored="0" name="Amazon" tests="3" failures="0" timestamp="18 Feb 2019 11:29:24 GMT" time="20.78" errors="0">
  <testcase name="homepage" time="20.736" classname="com.TestNGScript.file.HomeAmazon"/>
  <testcase name="loginTest" time="0.003" classname="com.TestNGScript.file.LoginAmazon"/>
  <testcase name="typeHelloWorld" time="0.003" classname="com.TestNGScript.file.HelloWorld"/>
</testsuite> <!-- Amazon -->
