<?xml version="1.0" encoding="UTF-8"?>
<testng-results skipped="0" failed="0" ignored="0" total="1" passed="1">
  <reporter-output>
  </reporter-output>
  <suite name="Default suite" duration-ms="131091" started-at="2019-12-30T13:55:04Z" finished-at="2019-12-30T13:57:15Z">
    <groups>
    </groups>
    <test name="Default test" duration-ms="131091" started-at="2019-12-30T13:55:04Z" finished-at="2019-12-30T13:57:15Z">
      <class name="com.TestNGScript.file.SK_LA_VisitorManagement">
        <test-method status="PASS" signature="launchSKApp()[pri:0, instance:com.TestNGScript.file.SK_LA_VisitorManagement@1c72da34]" name="launchSKApp" is-config="true" duration-ms="32481" started-at="2019-12-30T13:55:04Z" finished-at="2019-12-30T13:55:37Z">
          <reporter-output>
          </reporter-output>
        </test-method> <!-- launchSKApp -->
        <test-method status="PASS" signature="launchSafetyApp()[pri:0, instance:com.TestNGScript.file.SK_LA_VisitorManagement@1c72da34]" name="launchSafetyApp" duration-ms="97346" started-at="2019-12-30T13:55:37Z" finished-at="2019-12-30T13:57:14Z">
          <reporter-output>
          </reporter-output>
        </test-method> <!-- launchSafetyApp -->
        <test-method status="PASS" signature="closeBrowser()[pri:0, instance:com.TestNGScript.file.SK_LA_VisitorManagement@1c72da34]" name="closeBrowser" is-config="true" duration-ms="1231" started-at="2019-12-30T13:57:14Z" finished-at="2019-12-30T13:57:15Z">
          <reporter-output>
          </reporter-output>
        </test-method> <!-- closeBrowser -->
      </class> <!-- com.TestNGScript.file.SK_LA_VisitorManagement -->
    </test> <!-- Default test -->
  </suite> <!-- Default suite -->
</testng-results>
