<?xml version="1.0" encoding="UTF-8"?>
<testng-results skipped="0" failed="0" ignored="0" total="1" passed="1">
  <reporter-output>
  </reporter-output>
  <suite name="Default suite" duration-ms="8955" started-at="2019-10-22T12:53:16Z" finished-at="2019-10-22T12:53:25Z">
    <groups>
    </groups>
    <test name="Default test" duration-ms="8955" started-at="2019-10-22T12:53:16Z" finished-at="2019-10-22T12:53:25Z">
      <class name="com.TestNGScript.file.JDBC_ExportDB_ExcelSheet">
        <test-method status="PASS" signature="ExportDBtoExcel()[pri:0, instance:com.TestNGScript.file.JDBC_ExportDB_ExcelSheet@5cdd8682]" name="ExportDBtoExcel" duration-ms="8919" started-at="2019-10-22T12:53:16Z" finished-at="2019-10-22T12:53:25Z">
          <reporter-output>
          </reporter-output>
        </test-method> <!-- ExportDBtoExcel -->
      </class> <!-- com.TestNGScript.file.JDBC_ExportDB_ExcelSheet -->
    </test> <!-- Default test -->
  </suite> <!-- Default suite -->
</testng-results>
