<?xml version="1.0" encoding="UTF-8"?>
<testng-results skipped="0" failed="2" ignored="0" total="28" passed="26">
  <reporter-output>
  </reporter-output>
  <suite name="Suite" duration-ms="3577861" started-at="2020-11-09T08:50:25Z" finished-at="2020-11-09T09:50:03Z">
    <groups>
    </groups>
    <test name="SK_LA_ClosedIncident" duration-ms="178349" started-at="2020-11-09T08:50:25Z" finished-at="2020-11-09T08:53:24Z">
      <class name="com.TestNGScript.file.SK_LA_ClosedIncident">
        <test-method status="PASS" signature="launchSKApp()[pri:0, instance:com.TestNGScript.file.SK_LA_ClosedIncident@3c0a50da]" name="launchSKApp" is-config="true" duration-ms="40121" started-at="2020-11-09T08:50:25Z" finished-at="2020-11-09T08:51:06Z">
          <reporter-output>
          </reporter-output>
        </test-method> <!-- launchSKApp -->
        <test-method status="PASS" signature="launchSafetyApp()[pri:0, instance:com.TestNGScript.file.SK_LA_ClosedIncident@3c0a50da]" name="launchSafetyApp" duration-ms="136666" started-at="2020-11-09T08:51:06Z" finished-at="2020-11-09T08:53:22Z">
          <reporter-output>
          </reporter-output>
        </test-method> <!-- launchSafetyApp -->
        <test-method status="PASS" signature="closeBrowser()[pri:0, instance:com.TestNGScript.file.SK_LA_ClosedIncident@3c0a50da]" name="closeBrowser" is-config="true" duration-ms="1543" started-at="2020-11-09T08:53:22Z" finished-at="2020-11-09T08:53:24Z">
          <reporter-output>
          </reporter-output>
        </test-method> <!-- closeBrowser -->
      </class> <!-- com.TestNGScript.file.SK_LA_ClosedIncident -->
    </test> <!-- SK_LA_ClosedIncident -->
    <test name="SK_LA_Geofences" duration-ms="94860" started-at="2020-11-09T08:53:24Z" finished-at="2020-11-09T08:54:59Z">
      <class name="com.TestNGScript.file.SK_LA_Geofences">
        <test-method status="PASS" signature="launchSKApp()[pri:0, instance:com.TestNGScript.file.SK_LA_Geofences@255b53dc]" name="launchSKApp" is-config="true" duration-ms="43336" started-at="2020-11-09T08:53:24Z" finished-at="2020-11-09T08:54:07Z">
          <reporter-output>
          </reporter-output>
        </test-method> <!-- launchSKApp -->
        <test-method status="PASS" signature="launchSafetyApp()[pri:0, instance:com.TestNGScript.file.SK_LA_Geofences@255b53dc]" name="launchSafetyApp" duration-ms="50490" started-at="2020-11-09T08:54:07Z" finished-at="2020-11-09T08:54:58Z">
          <reporter-output>
          </reporter-output>
        </test-method> <!-- launchSafetyApp -->
        <test-method status="PASS" signature="closeBrowser()[pri:0, instance:com.TestNGScript.file.SK_LA_Geofences@255b53dc]" name="closeBrowser" is-config="true" duration-ms="1032" started-at="2020-11-09T08:54:58Z" finished-at="2020-11-09T08:54:59Z">
          <reporter-output>
          </reporter-output>
        </test-method> <!-- closeBrowser -->
      </class> <!-- com.TestNGScript.file.SK_LA_Geofences -->
    </test> <!-- SK_LA_Geofences -->
    <test name="SK_LA_SendNotification" duration-ms="120202" started-at="2020-11-09T08:54:59Z" finished-at="2020-11-09T08:56:59Z">
      <class name="com.TestNGScript.file.SK_LA_SendNotification">
        <test-method status="PASS" signature="launchSKApp()[pri:0, instance:com.TestNGScript.file.SK_LA_SendNotification@51931956]" name="launchSKApp" is-config="true" duration-ms="36115" started-at="2020-11-09T08:54:59Z" finished-at="2020-11-09T08:55:35Z">
          <reporter-output>
          </reporter-output>
        </test-method> <!-- launchSKApp -->
        <test-method status="PASS" signature="SendNotification()[pri:0, instance:com.TestNGScript.file.SK_LA_SendNotification@51931956]" name="SendNotification" duration-ms="82999" started-at="2020-11-09T08:55:35Z" finished-at="2020-11-09T08:56:58Z">
          <reporter-output>
          </reporter-output>
        </test-method> <!-- SendNotification -->
        <test-method status="PASS" signature="closeBrowser()[pri:0, instance:com.TestNGScript.file.SK_LA_SendNotification@51931956]" name="closeBrowser" is-config="true" duration-ms="1087" started-at="2020-11-09T08:56:58Z" finished-at="2020-11-09T08:56:59Z">
          <reporter-output>
          </reporter-output>
        </test-method> <!-- closeBrowser -->
      </class> <!-- com.TestNGScript.file.SK_LA_SendNotification -->
    </test> <!-- SK_LA_SendNotification -->
    <test name="SK_LA_EventResponsePlans" duration-ms="185695" started-at="2020-11-09T08:56:59Z" finished-at="2020-11-09T09:00:05Z">
      <class name="com.TestNGScript.file.SK_LA_EventResponsePlans">
        <test-method status="PASS" signature="launchSKApp()[pri:0, instance:com.TestNGScript.file.SK_LA_EventResponsePlans@57175e74]" name="launchSKApp" is-config="true" duration-ms="39778" started-at="2020-11-09T08:56:59Z" finished-at="2020-11-09T08:57:39Z">
          <reporter-output>
          </reporter-output>
        </test-method> <!-- launchSKApp -->
        <test-method status="FAIL" signature="ManageTemplates()[pri:0, instance:com.TestNGScript.file.SK_LA_EventResponsePlans@57175e74]" name="ManageTemplates" duration-ms="144687" started-at="2020-11-09T08:57:39Z" finished-at="2020-11-09T09:00:03Z">
          <exception class="org.openqa.selenium.NoSuchElementException">
            <message>
              <![CDATA[no such element: Unable to locate element: {"method":"xpath","selector":"//table[@summary='List of Emergency Response Plans']//tbody//tr[2]//td[2]//a"}
  (Session info: chrome=86.0.4240.183)
For documentation on this error, please visit: https://www.seleniumhq.org/exceptions/no_such_element.html
Build info: version: '3.141.59', revision: 'e82be7d358', time: '2018-11-14T08:17:03'
System info: host: 'CHANDAN', ip: '192.168.42.236', os.name: 'Windows 10', os.arch: 'amd64', os.version: '10.0', java.version: '1.8.0_161'
Driver info: org.openqa.selenium.chrome.ChromeDriver
Capabilities {acceptInsecureCerts: false, browserName: chrome, browserVersion: 86.0.4240.183, chrome: {chromedriverVersion: 85.0.4183.87 (cd6713ebf92fa..., userDataDir: C:\Users\Chandan\AppData\Lo...}, goog:chromeOptions: {debuggerAddress: localhost:59341}, javascriptEnabled: true, networkConnectionEnabled: false, pageLoadStrategy: normal, platform: WINDOWS, platformName: WINDOWS, proxy: Proxy(), setWindowRect: true, strictFileInteractability: false, timeouts: {implicit: 0, pageLoad: 300000, script: 30000}, unhandledPromptBehavior: dismiss and notify, webauthn:virtualAuthenticators: true}
Session ID: 9443e959125bab1232a1787eeeffa2c4
*** Element info: {Using=xpath, value=//table[@summary='List of Emergency Response Plans']//tbody//tr[2]//td[2]//a}]]>
            </message>
            <full-stacktrace>
              <![CDATA[org.openqa.selenium.NoSuchElementException: no such element: Unable to locate element: {"method":"xpath","selector":"//table[@summary='List of Emergency Response Plans']//tbody//tr[2]//td[2]//a"}
  (Session info: chrome=86.0.4240.183)
For documentation on this error, please visit: https://www.seleniumhq.org/exceptions/no_such_element.html
Build info: version: '3.141.59', revision: 'e82be7d358', time: '2018-11-14T08:17:03'
System info: host: 'CHANDAN', ip: '192.168.42.236', os.name: 'Windows 10', os.arch: 'amd64', os.version: '10.0', java.version: '1.8.0_161'
Driver info: org.openqa.selenium.chrome.ChromeDriver
Capabilities {acceptInsecureCerts: false, browserName: chrome, browserVersion: 86.0.4240.183, chrome: {chromedriverVersion: 85.0.4183.87 (cd6713ebf92fa..., userDataDir: C:\Users\Chandan\AppData\Lo...}, goog:chromeOptions: {debuggerAddress: localhost:59341}, javascriptEnabled: true, networkConnectionEnabled: false, pageLoadStrategy: normal, platform: WINDOWS, platformName: WINDOWS, proxy: Proxy(), setWindowRect: true, strictFileInteractability: false, timeouts: {implicit: 0, pageLoad: 300000, script: 30000}, unhandledPromptBehavior: dismiss and notify, webauthn:virtualAuthenticators: true}
Session ID: 9443e959125bab1232a1787eeeffa2c4
*** Element info: {Using=xpath, value=//table[@summary='List of Emergency Response Plans']//tbody//tr[2]//td[2]//a}
at sun.reflect.NativeConstructorAccessorImpl.newInstance0(Native Method)
at sun.reflect.NativeConstructorAccessorImpl.newInstance(NativeConstructorAccessorImpl.java:62)
at sun.reflect.DelegatingConstructorAccessorImpl.newInstance(DelegatingConstructorAccessorImpl.java:45)
at java.lang.reflect.Constructor.newInstance(Constructor.java:423)
at org.openqa.selenium.remote.http.W3CHttpResponseCodec.createException(W3CHttpResponseCodec.java:187)
at org.openqa.selenium.remote.http.W3CHttpResponseCodec.decode(W3CHttpResponseCodec.java:122)
at org.openqa.selenium.remote.http.W3CHttpResponseCodec.decode(W3CHttpResponseCodec.java:49)
at org.openqa.selenium.remote.HttpCommandExecutor.execute(HttpCommandExecutor.java:158)
at org.openqa.selenium.remote.service.DriverCommandExecutor.execute(DriverCommandExecutor.java:83)
at org.openqa.selenium.remote.RemoteWebDriver.execute(RemoteWebDriver.java:552)
at org.openqa.selenium.remote.RemoteWebDriver.findElement(RemoteWebDriver.java:323)
at org.openqa.selenium.remote.RemoteWebDriver.findElementByXPath(RemoteWebDriver.java:428)
at org.openqa.selenium.By$ByXPath.findElement(By.java:353)
at org.openqa.selenium.remote.RemoteWebDriver.findElement(RemoteWebDriver.java:315)
at com.BussinessFlow.file.SK_ManageERPBL.verifyEditERP(SK_ManageERPBL.java:97)
at com.TestNGScript.file.SK_LA_EventResponsePlans.ManageTemplates(SK_LA_EventResponsePlans.java:57)
at sun.reflect.NativeMethodAccessorImpl.invoke0(Native Method)
at sun.reflect.NativeMethodAccessorImpl.invoke(NativeMethodAccessorImpl.java:62)
at sun.reflect.DelegatingMethodAccessorImpl.invoke(DelegatingMethodAccessorImpl.java:43)
at java.lang.reflect.Method.invoke(Method.java:498)
at org.testng.internal.MethodInvocationHelper.invokeMethod(MethodInvocationHelper.java:124)
at org.testng.internal.Invoker.invokeMethod(Invoker.java:580)
at org.testng.internal.Invoker.invokeTestMethod(Invoker.java:716)
at org.testng.internal.Invoker.invokeTestMethods(Invoker.java:988)
at org.testng.internal.TestMethodWorker.invokeTestMethods(TestMethodWorker.java:125)
at org.testng.internal.TestMethodWorker.run(TestMethodWorker.java:109)
at org.testng.TestRunner.privateRun(TestRunner.java:648)
at org.testng.TestRunner.run(TestRunner.java:505)
at org.testng.SuiteRunner.runTest(SuiteRunner.java:455)
at org.testng.SuiteRunner.runSequentially(SuiteRunner.java:450)
at org.testng.SuiteRunner.privateRun(SuiteRunner.java:415)
at org.testng.SuiteRunner.run(SuiteRunner.java:364)
at org.testng.SuiteRunnerWorker.runSuite(SuiteRunnerWorker.java:52)
at org.testng.SuiteRunnerWorker.run(SuiteRunnerWorker.java:84)
at org.testng.TestNG.runSuitesSequentially(TestNG.java:1208)
at org.testng.TestNG.runSuitesLocally(TestNG.java:1137)
at org.testng.TestNG.runSuites(TestNG.java:1049)
at org.testng.TestNG.run(TestNG.java:1017)
at org.testng.remote.AbstractRemoteTestNG.run(AbstractRemoteTestNG.java:114)
at org.testng.remote.RemoteTestNG.initAndRun(RemoteTestNG.java:251)
at org.testng.remote.RemoteTestNG.main(RemoteTestNG.java:77)
]]>
            </full-stacktrace>
          </exception> <!-- org.openqa.selenium.NoSuchElementException -->
          <reporter-output>
          </reporter-output>
        </test-method> <!-- ManageTemplates -->
        <test-method status="PASS" signature="closeBrowser()[pri:0, instance:com.TestNGScript.file.SK_LA_EventResponsePlans@57175e74]" name="closeBrowser" is-config="true" duration-ms="1226" started-at="2020-11-09T09:00:03Z" finished-at="2020-11-09T09:00:05Z">
          <reporter-output>
          </reporter-output>
        </test-method> <!-- closeBrowser -->
      </class> <!-- com.TestNGScript.file.SK_LA_EventResponsePlans -->
    </test> <!-- SK_LA_EventResponsePlans -->
    <test name="SK_LA_ScheduleNotification" duration-ms="124559" started-at="2020-11-09T09:00:05Z" finished-at="2020-11-09T09:02:09Z">
      <class name="com.TestNGScript.file.SK_LA_ScheduleNotification">
        <test-method status="PASS" signature="launchSKApp()[pri:0, instance:com.TestNGScript.file.SK_LA_ScheduleNotification@7f77e91b]" name="launchSKApp" is-config="true" duration-ms="34407" started-at="2020-11-09T09:00:05Z" finished-at="2020-11-09T09:00:39Z">
          <reporter-output>
          </reporter-output>
        </test-method> <!-- launchSKApp -->
        <test-method status="PASS" signature="ManageTemplates()[pri:0, instance:com.TestNGScript.file.SK_LA_ScheduleNotification@7f77e91b]" name="ManageTemplates" duration-ms="89035" started-at="2020-11-09T09:00:39Z" finished-at="2020-11-09T09:02:08Z">
          <reporter-output>
          </reporter-output>
        </test-method> <!-- ManageTemplates -->
        <test-method status="PASS" signature="closeBrowser()[pri:0, instance:com.TestNGScript.file.SK_LA_ScheduleNotification@7f77e91b]" name="closeBrowser" is-config="true" duration-ms="1116" started-at="2020-11-09T09:02:08Z" finished-at="2020-11-09T09:02:09Z">
          <reporter-output>
          </reporter-output>
        </test-method> <!-- closeBrowser -->
      </class> <!-- com.TestNGScript.file.SK_LA_ScheduleNotification -->
    </test> <!-- SK_LA_ScheduleNotification -->
    <test name="SK_LA_NotificationGroups" duration-ms="199198" started-at="2020-11-09T09:02:09Z" finished-at="2020-11-09T09:05:29Z">
      <class name="com.TestNGScript.file.SK_LA_NotificationGroups">
        <test-method status="PASS" signature="launchSKApp()[pri:0, instance:com.TestNGScript.file.SK_LA_NotificationGroups@2ea6137]" name="launchSKApp" is-config="true" duration-ms="39348" started-at="2020-11-09T09:02:09Z" finished-at="2020-11-09T09:02:49Z">
          <reporter-output>
          </reporter-output>
        </test-method> <!-- launchSKApp -->
        <test-method status="PASS" signature="NotificationGroups()[pri:0, instance:com.TestNGScript.file.SK_LA_NotificationGroups@2ea6137]" name="NotificationGroups" duration-ms="158758" started-at="2020-11-09T09:02:49Z" finished-at="2020-11-09T09:05:27Z">
          <reporter-output>
          </reporter-output>
        </test-method> <!-- NotificationGroups -->
        <test-method status="PASS" signature="closeBrowser()[pri:0, instance:com.TestNGScript.file.SK_LA_NotificationGroups@2ea6137]" name="closeBrowser" is-config="true" duration-ms="1087" started-at="2020-11-09T09:05:27Z" finished-at="2020-11-09T09:05:29Z">
          <reporter-output>
          </reporter-output>
        </test-method> <!-- closeBrowser -->
      </class> <!-- com.TestNGScript.file.SK_LA_NotificationGroups -->
    </test> <!-- SK_LA_NotificationGroups -->
    <test name="SK_LA_TipNotifications" duration-ms="178545" started-at="2020-11-09T09:05:29Z" finished-at="2020-11-09T09:08:27Z">
      <class name="com.TestNGScript.file.SK_LA_TipNotifications">
        <test-method status="PASS" signature="launchSKApp()[pri:0, instance:com.TestNGScript.file.SK_LA_TipNotifications@400cff1a]" name="launchSKApp" is-config="true" duration-ms="30745" started-at="2020-11-09T09:05:29Z" finished-at="2020-11-09T09:05:59Z">
          <reporter-output>
          </reporter-output>
        </test-method> <!-- launchSKApp -->
        <test-method status="PASS" signature="NotificationGroups()[pri:0, instance:com.TestNGScript.file.SK_LA_TipNotifications@400cff1a]" name="NotificationGroups" duration-ms="146680" started-at="2020-11-09T09:05:59Z" finished-at="2020-11-09T09:08:26Z">
          <reporter-output>
          </reporter-output>
        </test-method> <!-- NotificationGroups -->
        <test-method status="PASS" signature="closeBrowser()[pri:0, instance:com.TestNGScript.file.SK_LA_TipNotifications@400cff1a]" name="closeBrowser" is-config="true" duration-ms="1119" started-at="2020-11-09T09:08:26Z" finished-at="2020-11-09T09:08:27Z">
          <reporter-output>
          </reporter-output>
        </test-method> <!-- closeBrowser -->
      </class> <!-- com.TestNGScript.file.SK_LA_TipNotifications -->
    </test> <!-- SK_LA_TipNotifications -->
    <test name="SK_LA_EmergencyContacts" duration-ms="86142" started-at="2020-11-09T09:08:27Z" finished-at="2020-11-09T09:09:53Z">
      <class name="com.TestNGScript.file.SK_LA_EmergencyContacts">
        <test-method status="PASS" signature="launchSKApp()[pri:0, instance:com.TestNGScript.file.SK_LA_EmergencyContacts@29f69090]" name="launchSKApp" is-config="true" duration-ms="33452" started-at="2020-11-09T09:08:27Z" finished-at="2020-11-09T09:09:01Z">
          <reporter-output>
          </reporter-output>
        </test-method> <!-- launchSKApp -->
        <test-method status="PASS" signature="launchSafetyApp()[pri:0, instance:com.TestNGScript.file.SK_LA_EmergencyContacts@29f69090]" name="launchSafetyApp" duration-ms="51662" started-at="2020-11-09T09:09:01Z" finished-at="2020-11-09T09:09:52Z">
          <reporter-output>
          </reporter-output>
        </test-method> <!-- launchSafetyApp -->
        <test-method status="PASS" signature="closeBrowser()[pri:0, instance:com.TestNGScript.file.SK_LA_EmergencyContacts@29f69090]" name="closeBrowser" is-config="true" duration-ms="1027" started-at="2020-11-09T09:09:52Z" finished-at="2020-11-09T09:09:53Z">
          <reporter-output>
          </reporter-output>
        </test-method> <!-- closeBrowser -->
      </class> <!-- com.TestNGScript.file.SK_LA_EmergencyContacts -->
    </test> <!-- SK_LA_EmergencyContacts -->
    <test name="SK_LA_ExternalContacts" duration-ms="96965" started-at="2020-11-09T09:09:53Z" finished-at="2020-11-09T09:11:30Z">
      <class name="com.TestNGScript.file.SK_LA_ExternalContacts">
        <test-method status="PASS" signature="launchSKApp()[pri:0, instance:com.TestNGScript.file.SK_LA_ExternalContacts@35083305]" name="launchSKApp" is-config="true" duration-ms="45501" started-at="2020-11-09T09:09:53Z" finished-at="2020-11-09T09:10:39Z">
          <reporter-output>
          </reporter-output>
        </test-method> <!-- launchSKApp -->
        <test-method status="PASS" signature="launchSafetyApp()[pri:0, instance:com.TestNGScript.file.SK_LA_ExternalContacts@35083305]" name="launchSafetyApp" duration-ms="50420" started-at="2020-11-09T09:10:39Z" finished-at="2020-11-09T09:11:29Z">
          <reporter-output>
          </reporter-output>
        </test-method> <!-- launchSafetyApp -->
        <test-method status="PASS" signature="closeBrowser()[pri:0, instance:com.TestNGScript.file.SK_LA_ExternalContacts@35083305]" name="closeBrowser" is-config="true" duration-ms="1042" started-at="2020-11-09T09:11:29Z" finished-at="2020-11-09T09:11:30Z">
          <reporter-output>
          </reporter-output>
        </test-method> <!-- closeBrowser -->
      </class> <!-- com.TestNGScript.file.SK_LA_ExternalContacts -->
    </test> <!-- SK_LA_ExternalContacts -->
    <test name="SK_LA_AssetsManagment" duration-ms="84921" started-at="2020-11-09T09:11:30Z" finished-at="2020-11-09T09:12:55Z">
      <class name="com.TestNGScript.file.SK_LA_AssetsManagment">
        <test-method status="PASS" signature="launchSKApp()[pri:0, instance:com.TestNGScript.file.SK_LA_AssetsManagment@105fece7]" name="launchSKApp" is-config="true" duration-ms="24722" started-at="2020-11-09T09:11:30Z" finished-at="2020-11-09T09:11:55Z">
          <reporter-output>
          </reporter-output>
        </test-method> <!-- launchSKApp -->
        <test-method status="PASS" signature="launchSafetyApp()[pri:0, instance:com.TestNGScript.file.SK_LA_AssetsManagment@105fece7]" name="launchSafetyApp" duration-ms="59150" started-at="2020-11-09T09:11:55Z" finished-at="2020-11-09T09:12:54Z">
          <reporter-output>
          </reporter-output>
        </test-method> <!-- launchSafetyApp -->
        <test-method status="PASS" signature="closeBrowser()[pri:0, instance:com.TestNGScript.file.SK_LA_AssetsManagment@105fece7]" name="closeBrowser" is-config="true" duration-ms="1047" started-at="2020-11-09T09:12:54Z" finished-at="2020-11-09T09:12:55Z">
          <reporter-output>
          </reporter-output>
        </test-method> <!-- closeBrowser -->
      </class> <!-- com.TestNGScript.file.SK_LA_AssetsManagment -->
    </test> <!-- SK_LA_AssetsManagment -->
    <test name="SK_LA_NotificationHistory" duration-ms="231120" started-at="2020-11-09T09:12:55Z" finished-at="2020-11-09T09:16:46Z">
      <class name="com.TestNGScript.file.SK_LA_NotificationHistory">
        <test-method status="PASS" signature="launchSKApp()[pri:0, instance:com.TestNGScript.file.SK_LA_NotificationHistory@5d740a0f]" name="launchSKApp" is-config="true" duration-ms="45501" started-at="2020-11-09T09:12:55Z" finished-at="2020-11-09T09:13:41Z">
          <reporter-output>
          </reporter-output>
        </test-method> <!-- launchSKApp -->
        <test-method status="PASS" signature="NotificationGroups()[pri:0, instance:com.TestNGScript.file.SK_LA_NotificationHistory@5d740a0f]" name="NotificationGroups" duration-ms="184475" started-at="2020-11-09T09:13:41Z" finished-at="2020-11-09T09:16:45Z">
          <reporter-output>
          </reporter-output>
        </test-method> <!-- NotificationGroups -->
        <test-method status="PASS" signature="closeBrowser()[pri:0, instance:com.TestNGScript.file.SK_LA_NotificationHistory@5d740a0f]" name="closeBrowser" is-config="true" duration-ms="1143" started-at="2020-11-09T09:16:45Z" finished-at="2020-11-09T09:16:46Z">
          <reporter-output>
          </reporter-output>
        </test-method> <!-- closeBrowser -->
      </class> <!-- com.TestNGScript.file.SK_LA_NotificationHistory -->
    </test> <!-- SK_LA_NotificationHistory -->
    <test name="SK_LA_Reports" duration-ms="119495" started-at="2020-11-09T09:16:46Z" finished-at="2020-11-09T09:18:46Z">
      <class name="com.TestNGScript.file.SK_LA_Reports">
        <test-method status="PASS" signature="launchSKApp()[pri:0, instance:com.TestNGScript.file.SK_LA_Reports@212bf671]" name="launchSKApp" is-config="true" duration-ms="43360" started-at="2020-11-09T09:16:46Z" finished-at="2020-11-09T09:17:30Z">
          <reporter-output>
          </reporter-output>
        </test-method> <!-- launchSKApp -->
        <test-method status="PASS" signature="ManageTemplates()[pri:0, instance:com.TestNGScript.file.SK_LA_Reports@212bf671]" name="ManageTemplates" duration-ms="74955" started-at="2020-11-09T09:17:30Z" finished-at="2020-11-09T09:18:45Z">
          <reporter-output>
          </reporter-output>
        </test-method> <!-- ManageTemplates -->
        <test-method status="PASS" signature="closeBrowser()[pri:0, instance:com.TestNGScript.file.SK_LA_Reports@212bf671]" name="closeBrowser" is-config="true" duration-ms="1162" started-at="2020-11-09T09:18:45Z" finished-at="2020-11-09T09:18:46Z">
          <reporter-output>
          </reporter-output>
        </test-method> <!-- closeBrowser -->
      </class> <!-- com.TestNGScript.file.SK_LA_Reports -->
    </test> <!-- SK_LA_Reports -->
    <test name="SK_LA_Maps" duration-ms="214700" started-at="2020-11-09T09:18:46Z" finished-at="2020-11-09T09:22:20Z">
      <class name="com.TestNGScript.file.SK_LA_Maps">
        <test-method status="PASS" signature="launchSKApp()[pri:0, instance:com.TestNGScript.file.SK_LA_Maps@16aa0a0a]" name="launchSKApp" is-config="true" duration-ms="31866" started-at="2020-11-09T09:18:46Z" finished-at="2020-11-09T09:19:18Z">
          <reporter-output>
          </reporter-output>
        </test-method> <!-- launchSKApp -->
        <test-method status="PASS" signature="launchSafetyApp()[pri:0, instance:com.TestNGScript.file.SK_LA_Maps@16aa0a0a]" name="launchSafetyApp" duration-ms="181605" started-at="2020-11-09T09:19:18Z" finished-at="2020-11-09T09:22:19Z">
          <reporter-output>
          </reporter-output>
        </test-method> <!-- launchSafetyApp -->
        <test-method status="PASS" signature="closeBrowser()[pri:0, instance:com.TestNGScript.file.SK_LA_Maps@16aa0a0a]" name="closeBrowser" is-config="true" duration-ms="1226" started-at="2020-11-09T09:22:19Z" finished-at="2020-11-09T09:22:20Z">
          <reporter-output>
          </reporter-output>
        </test-method> <!-- closeBrowser -->
      </class> <!-- com.TestNGScript.file.SK_LA_Maps -->
    </test> <!-- SK_LA_Maps -->
    <test name="SK_LA_NotificationTemplates" duration-ms="185838" started-at="2020-11-09T09:22:21Z" finished-at="2020-11-09T09:25:26Z">
      <class name="com.TestNGScript.file.SK_LA_NotificationTemplates">
        <test-method status="PASS" signature="launchSKApp()[pri:0, instance:com.TestNGScript.file.SK_LA_NotificationTemplates@53ca01a2]" name="launchSKApp" is-config="true" duration-ms="37698" started-at="2020-11-09T09:22:21Z" finished-at="2020-11-09T09:22:58Z">
          <reporter-output>
          </reporter-output>
        </test-method> <!-- launchSKApp -->
        <test-method status="PASS" signature="ManageTemplates()[pri:0, instance:com.TestNGScript.file.SK_LA_NotificationTemplates@53ca01a2]" name="ManageTemplates" duration-ms="147041" started-at="2020-11-09T09:22:58Z" finished-at="2020-11-09T09:25:25Z">
          <reporter-output>
          </reporter-output>
        </test-method> <!-- ManageTemplates -->
        <test-method status="PASS" signature="closeBrowser()[pri:0, instance:com.TestNGScript.file.SK_LA_NotificationTemplates@53ca01a2]" name="closeBrowser" is-config="true" duration-ms="1099" started-at="2020-11-09T09:25:25Z" finished-at="2020-11-09T09:25:26Z">
          <reporter-output>
          </reporter-output>
        </test-method> <!-- closeBrowser -->
      </class> <!-- com.TestNGScript.file.SK_LA_NotificationTemplates -->
    </test> <!-- SK_LA_NotificationTemplates -->
    <test name="SK_LA_VisitorPassType" duration-ms="188095" started-at="2020-11-09T09:25:26Z" finished-at="2020-11-09T09:28:34Z">
      <class name="com.TestNGScript.file.SK_LA_VisitorPassType">
        <test-method status="PASS" signature="launchSKApp()[pri:0, instance:com.TestNGScript.file.SK_LA_VisitorPassType@5906ebcb]" name="launchSKApp" is-config="true" duration-ms="32076" started-at="2020-11-09T09:25:26Z" finished-at="2020-11-09T09:25:58Z">
          <reporter-output>
          </reporter-output>
        </test-method> <!-- launchSKApp -->
        <test-method status="FAIL" signature="ManageVisitorPassType()[pri:1, instance:com.TestNGScript.file.SK_LA_VisitorPassType@5906ebcb]" name="ManageVisitorPassType" duration-ms="154742" started-at="2020-11-09T09:25:58Z" finished-at="2020-11-09T09:28:33Z">
          <exception class="junit.framework.ComparisonFailure">
            <message>
              <![CDATA[expected:<[Create] Visitor Pass Type> but was:<[Edit] Visitor Pass Type>]]>
            </message>
            <full-stacktrace>
              <![CDATA[junit.framework.ComparisonFailure: expected:<[Create] Visitor Pass Type> but was:<[Edit] Visitor Pass Type>
at junit.framework.Assert.assertEquals(Assert.java:100)
at junit.framework.Assert.assertEquals(Assert.java:107)
at com.BussinessFlow.file.SK_VisitorPassTypesBL.fillCreateVisitorPassType(SK_VisitorPassTypesBL.java:110)
at com.TestNGScript.file.SK_LA_VisitorPassType.ManageVisitorPassType(SK_LA_VisitorPassType.java:55)
at sun.reflect.NativeMethodAccessorImpl.invoke0(Native Method)
at sun.reflect.NativeMethodAccessorImpl.invoke(NativeMethodAccessorImpl.java:62)
at sun.reflect.DelegatingMethodAccessorImpl.invoke(DelegatingMethodAccessorImpl.java:43)
at java.lang.reflect.Method.invoke(Method.java:498)
at org.testng.internal.MethodInvocationHelper.invokeMethod(MethodInvocationHelper.java:124)
at org.testng.internal.Invoker.invokeMethod(Invoker.java:580)
at org.testng.internal.Invoker.invokeTestMethod(Invoker.java:716)
at org.testng.internal.Invoker.invokeTestMethods(Invoker.java:988)
at org.testng.internal.TestMethodWorker.invokeTestMethods(TestMethodWorker.java:125)
at org.testng.internal.TestMethodWorker.run(TestMethodWorker.java:109)
at org.testng.TestRunner.privateRun(TestRunner.java:648)
at org.testng.TestRunner.run(TestRunner.java:505)
at org.testng.SuiteRunner.runTest(SuiteRunner.java:455)
at org.testng.SuiteRunner.runSequentially(SuiteRunner.java:450)
at org.testng.SuiteRunner.privateRun(SuiteRunner.java:415)
at org.testng.SuiteRunner.run(SuiteRunner.java:364)
at org.testng.SuiteRunnerWorker.runSuite(SuiteRunnerWorker.java:52)
at org.testng.SuiteRunnerWorker.run(SuiteRunnerWorker.java:84)
at org.testng.TestNG.runSuitesSequentially(TestNG.java:1208)
at org.testng.TestNG.runSuitesLocally(TestNG.java:1137)
at org.testng.TestNG.runSuites(TestNG.java:1049)
at org.testng.TestNG.run(TestNG.java:1017)
at org.testng.remote.AbstractRemoteTestNG.run(AbstractRemoteTestNG.java:114)
at org.testng.remote.RemoteTestNG.initAndRun(RemoteTestNG.java:251)
at org.testng.remote.RemoteTestNG.main(RemoteTestNG.java:77)
]]>
            </full-stacktrace>
          </exception> <!-- junit.framework.ComparisonFailure -->
          <reporter-output>
          </reporter-output>
        </test-method> <!-- ManageVisitorPassType -->
        <test-method status="PASS" signature="closeBrowser()[pri:0, instance:com.TestNGScript.file.SK_LA_VisitorPassType@5906ebcb]" name="closeBrowser" is-config="true" duration-ms="1258" started-at="2020-11-09T09:28:33Z" finished-at="2020-11-09T09:28:34Z">
          <reporter-output>
          </reporter-output>
        </test-method> <!-- closeBrowser -->
      </class> <!-- com.TestNGScript.file.SK_LA_VisitorPassType -->
    </test> <!-- SK_LA_VisitorPassType -->
    <test name="SK_LA_VisitorPasses" duration-ms="290484" started-at="2020-11-09T09:28:34Z" finished-at="2020-11-09T09:33:25Z">
      <class name="com.TestNGScript.file.SK_LA_VisitorPasses">
        <test-method status="PASS" signature="launchSKApp()[pri:0, instance:com.TestNGScript.file.SK_LA_VisitorPasses@657c8ad9]" name="launchSKApp" is-config="true" duration-ms="32712" started-at="2020-11-09T09:28:34Z" finished-at="2020-11-09T09:29:07Z">
          <reporter-output>
          </reporter-output>
        </test-method> <!-- launchSKApp -->
        <test-method status="PASS" signature="MangaeVisitorPasses()[pri:1, instance:com.TestNGScript.file.SK_LA_VisitorPasses@657c8ad9]" name="MangaeVisitorPasses" duration-ms="256565" started-at="2020-11-09T09:29:07Z" finished-at="2020-11-09T09:33:24Z">
          <reporter-output>
          </reporter-output>
        </test-method> <!-- MangaeVisitorPasses -->
        <test-method status="PASS" signature="closeBrowser()[pri:0, instance:com.TestNGScript.file.SK_LA_VisitorPasses@657c8ad9]" name="closeBrowser" is-config="true" duration-ms="1204" started-at="2020-11-09T09:33:24Z" finished-at="2020-11-09T09:33:25Z">
          <reporter-output>
          </reporter-output>
        </test-method> <!-- closeBrowser -->
      </class> <!-- com.TestNGScript.file.SK_LA_VisitorPasses -->
    </test> <!-- SK_LA_VisitorPasses -->
    <test name="SK_LA_SendAPoll" duration-ms="92684" started-at="2020-11-09T09:33:25Z" finished-at="2020-11-09T09:34:58Z">
      <class name="com.TestNGScript.file.SK_LA_SendAPoll">
        <test-method status="PASS" signature="launchSKApp()[pri:0, instance:com.TestNGScript.file.SK_LA_SendAPoll@b62fe6d]" name="launchSKApp" is-config="true" duration-ms="35803" started-at="2020-11-09T09:33:25Z" finished-at="2020-11-09T09:34:01Z">
          <reporter-output>
          </reporter-output>
        </test-method> <!-- launchSKApp -->
        <test-method status="PASS" signature="NotificationGroups()[pri:0, instance:com.TestNGScript.file.SK_LA_SendAPoll@b62fe6d]" name="NotificationGroups" duration-ms="55678" started-at="2020-11-09T09:34:01Z" finished-at="2020-11-09T09:34:56Z">
          <reporter-output>
          </reporter-output>
        </test-method> <!-- NotificationGroups -->
        <test-method status="PASS" signature="closeBrowser()[pri:0, instance:com.TestNGScript.file.SK_LA_SendAPoll@b62fe6d]" name="closeBrowser" is-config="true" duration-ms="1202" started-at="2020-11-09T09:34:56Z" finished-at="2020-11-09T09:34:58Z">
          <reporter-output>
          </reporter-output>
        </test-method> <!-- closeBrowser -->
      </class> <!-- com.TestNGScript.file.SK_LA_SendAPoll -->
    </test> <!-- SK_LA_SendAPoll -->
    <test name="SK_LA_PollGroups" duration-ms="79052" started-at="2020-11-09T09:34:58Z" finished-at="2020-11-09T09:36:17Z">
      <class name="com.TestNGScript.file.SK_LA_PollGroups">
        <test-method status="PASS" signature="launchSKApp()[pri:0, instance:com.TestNGScript.file.SK_LA_PollGroups@15761df8]" name="launchSKApp" is-config="true" duration-ms="34406" started-at="2020-11-09T09:34:58Z" finished-at="2020-11-09T09:35:32Z">
          <reporter-output>
          </reporter-output>
        </test-method> <!-- launchSKApp -->
        <test-method status="PASS" signature="NotificationGroups()[pri:0, instance:com.TestNGScript.file.SK_LA_PollGroups@15761df8]" name="NotificationGroups" duration-ms="43541" started-at="2020-11-09T09:35:32Z" finished-at="2020-11-09T09:36:16Z">
          <reporter-output>
          </reporter-output>
        </test-method> <!-- NotificationGroups -->
        <test-method status="PASS" signature="closeBrowser()[pri:0, instance:com.TestNGScript.file.SK_LA_PollGroups@15761df8]" name="closeBrowser" is-config="true" duration-ms="1104" started-at="2020-11-09T09:36:16Z" finished-at="2020-11-09T09:36:17Z">
          <reporter-output>
          </reporter-output>
        </test-method> <!-- closeBrowser -->
      </class> <!-- com.TestNGScript.file.SK_LA_PollGroups -->
    </test> <!-- SK_LA_PollGroups -->
    <test name="SK_LA_MenuList" duration-ms="57996" started-at="2020-11-09T09:36:17Z" finished-at="2020-11-09T09:37:15Z">
      <class name="com.TestNGScript.file.SK_LA_MenuList">
        <test-method status="PASS" signature="launchSKApp()[pri:0, instance:com.TestNGScript.file.SK_LA_MenuList@19d37183]" name="launchSKApp" is-config="true" duration-ms="57005" started-at="2020-11-09T09:36:17Z" finished-at="2020-11-09T09:37:14Z">
          <reporter-output>
          </reporter-output>
        </test-method> <!-- launchSKApp -->
        <test-method status="PASS" signature="launchSafetyApp()[pri:0, instance:com.TestNGScript.file.SK_LA_MenuList@19d37183]" name="launchSafetyApp" duration-ms="0" started-at="2020-11-09T09:37:14Z" finished-at="2020-11-09T09:37:14Z">
          <reporter-output>
          </reporter-output>
        </test-method> <!-- launchSafetyApp -->
        <test-method status="PASS" signature="closeBrowser()[pri:0, instance:com.TestNGScript.file.SK_LA_MenuList@19d37183]" name="closeBrowser" is-config="true" duration-ms="967" started-at="2020-11-09T09:37:14Z" finished-at="2020-11-09T09:37:15Z">
          <reporter-output>
          </reporter-output>
        </test-method> <!-- closeBrowser -->
      </class> <!-- com.TestNGScript.file.SK_LA_MenuList -->
    </test> <!-- SK_LA_MenuList -->
    <test name="SK_ForgotPassword" duration-ms="52198" started-at="2020-11-09T09:37:15Z" finished-at="2020-11-09T09:38:07Z">
      <class name="com.TestNGScript.file.SK_ForgotPassword">
        <test-method status="PASS" signature="launchSKApp()[pri:0, instance:com.TestNGScript.file.SK_ForgotPassword@7a52f2a2]" name="launchSKApp" is-config="true" duration-ms="33242" started-at="2020-11-09T09:37:15Z" finished-at="2020-11-09T09:37:48Z">
          <reporter-output>
          </reporter-output>
        </test-method> <!-- launchSKApp -->
        <test-method status="PASS" signature="VerifyResetPasswordLA()[pri:0, instance:com.TestNGScript.file.SK_ForgotPassword@7a52f2a2]" name="VerifyResetPasswordLA" duration-ms="17944" started-at="2020-11-09T09:37:48Z" finished-at="2020-11-09T09:38:06Z">
          <reporter-output>
          </reporter-output>
        </test-method> <!-- VerifyResetPasswordLA -->
        <test-method status="PASS" signature="closeBrowser()[pri:0, instance:com.TestNGScript.file.SK_ForgotPassword@7a52f2a2]" name="closeBrowser" is-config="true" duration-ms="992" started-at="2020-11-09T09:38:06Z" finished-at="2020-11-09T09:38:07Z">
          <reporter-output>
          </reporter-output>
        </test-method> <!-- closeBrowser -->
      </class> <!-- com.TestNGScript.file.SK_ForgotPassword -->
    </test> <!-- SK_ForgotPassword -->
    <test name="SK_LA_HomePage" duration-ms="97142" started-at="2020-11-09T09:38:07Z" finished-at="2020-11-09T09:39:44Z">
      <class name="com.TestNGScript.file.SK_LA_HomePage">
        <test-method status="PASS" signature="launchSKApp()[pri:0, instance:com.TestNGScript.file.SK_LA_HomePage@7fc229ab]" name="launchSKApp" is-config="true" duration-ms="41746" started-at="2020-11-09T09:38:07Z" finished-at="2020-11-09T09:38:49Z">
          <reporter-output>
          </reporter-output>
        </test-method> <!-- launchSKApp -->
        <test-method status="PASS" signature="verifyReport()[pri:0, instance:com.TestNGScript.file.SK_LA_HomePage@7fc229ab]" name="verifyReport" duration-ms="53974" started-at="2020-11-09T09:38:49Z" finished-at="2020-11-09T09:39:43Z">
          <reporter-output>
          </reporter-output>
        </test-method> <!-- verifyReport -->
        <test-method status="PASS" signature="closeBrowser()[pri:0, instance:com.TestNGScript.file.SK_LA_HomePage@7fc229ab]" name="closeBrowser" is-config="true" duration-ms="1419" started-at="2020-11-09T09:39:43Z" finished-at="2020-11-09T09:39:44Z">
          <reporter-output>
          </reporter-output>
        </test-method> <!-- closeBrowser -->
      </class> <!-- com.TestNGScript.file.SK_LA_HomePage -->
    </test> <!-- SK_LA_HomePage -->
    <test name="SK_SA_Organization" duration-ms="89429" started-at="2020-11-09T09:39:44Z" finished-at="2020-11-09T09:41:13Z">
      <class name="com.TestNGScript.file.SK_SA_Organization">
        <test-method status="PASS" signature="launchSKApp()[pri:0, instance:com.TestNGScript.file.SK_SA_Organization@4b44655e]" name="launchSKApp" is-config="true" duration-ms="40135" started-at="2020-11-09T09:39:44Z" finished-at="2020-11-09T09:40:24Z">
          <reporter-output>
          </reporter-output>
        </test-method> <!-- launchSKApp -->
        <test-method status="PASS" signature="TestHambugerMenuClick()[pri:0, instance:com.TestNGScript.file.SK_SA_Organization@4b44655e]" name="TestHambugerMenuClick" duration-ms="48238" started-at="2020-11-09T09:40:24Z" finished-at="2020-11-09T09:41:12Z">
          <reporter-output>
          </reporter-output>
        </test-method> <!-- TestHambugerMenuClick -->
        <test-method status="PASS" signature="closeBrowser()[pri:0, instance:com.TestNGScript.file.SK_SA_Organization@4b44655e]" name="closeBrowser" is-config="true" duration-ms="1037" started-at="2020-11-09T09:41:12Z" finished-at="2020-11-09T09:41:13Z">
          <reporter-output>
          </reporter-output>
        </test-method> <!-- closeBrowser -->
      </class> <!-- com.TestNGScript.file.SK_SA_Organization -->
    </test> <!-- SK_SA_Organization -->
    <test name="SK_SA_OrganizationList" duration-ms="112479" started-at="2020-11-09T09:41:13Z" finished-at="2020-11-09T09:43:06Z">
      <class name="com.TestNGScript.file.SK_SA_OrganizationList">
        <test-method status="PASS" signature="launchSKApp()[pri:0, instance:com.TestNGScript.file.SK_SA_OrganizationList@402e37bc]" name="launchSKApp" is-config="true" duration-ms="48212" started-at="2020-11-09T09:41:13Z" finished-at="2020-11-09T09:42:02Z">
          <reporter-output>
          </reporter-output>
        </test-method> <!-- launchSKApp -->
        <test-method status="PASS" signature="TestOrganizationPage()[pri:0, instance:com.TestNGScript.file.SK_SA_OrganizationList@402e37bc]" name="TestOrganizationPage" duration-ms="63252" started-at="2020-11-09T09:42:02Z" finished-at="2020-11-09T09:43:05Z">
          <reporter-output>
          </reporter-output>
        </test-method> <!-- TestOrganizationPage -->
        <test-method status="PASS" signature="closeBrowser()[pri:0, instance:com.TestNGScript.file.SK_SA_OrganizationList@402e37bc]" name="closeBrowser" is-config="true" duration-ms="999" started-at="2020-11-09T09:43:05Z" finished-at="2020-11-09T09:43:06Z">
          <reporter-output>
          </reporter-output>
        </test-method> <!-- closeBrowser -->
      </class> <!-- com.TestNGScript.file.SK_SA_OrganizationList -->
    </test> <!-- SK_SA_OrganizationList -->
    <test name="SK_LA_CloseActiveEvents" duration-ms="93911" started-at="2020-11-09T09:43:06Z" finished-at="2020-11-09T09:44:40Z">
      <class name="com.TestNGScript.file.SK_LA_CloseActiveEvents">
        <test-method status="PASS" signature="launchSKApp()[pri:0, instance:com.TestNGScript.file.SK_LA_CloseActiveEvents@f8c1ddd]" name="launchSKApp" is-config="true" duration-ms="47576" started-at="2020-11-09T09:43:06Z" finished-at="2020-11-09T09:43:54Z">
          <reporter-output>
          </reporter-output>
        </test-method> <!-- launchSKApp -->
        <test-method status="PASS" signature="verifyCloseAction()[pri:0, instance:com.TestNGScript.file.SK_LA_CloseActiveEvents@f8c1ddd]" name="verifyCloseAction" duration-ms="45281" started-at="2020-11-09T09:43:54Z" finished-at="2020-11-09T09:44:39Z">
          <reporter-output>
          </reporter-output>
        </test-method> <!-- verifyCloseAction -->
        <test-method status="PASS" signature="closeBrowser()[pri:0, instance:com.TestNGScript.file.SK_LA_CloseActiveEvents@f8c1ddd]" name="closeBrowser" is-config="true" duration-ms="1038" started-at="2020-11-09T09:44:39Z" finished-at="2020-11-09T09:44:40Z">
          <reporter-output>
          </reporter-output>
        </test-method> <!-- closeBrowser -->
      </class> <!-- com.TestNGScript.file.SK_LA_CloseActiveEvents -->
    </test> <!-- SK_LA_CloseActiveEvents -->
    <test name="SK_LA_CovidCover" duration-ms="116966" started-at="2020-11-09T09:44:40Z" finished-at="2020-11-09T09:46:37Z">
      <class name="com.TestNGScript.file.SK_LA_CovidCover">
        <test-method status="PASS" signature="launchSKApp()[pri:0, instance:com.TestNGScript.file.SK_LA_CovidCover@1d082e88]" name="launchSKApp" is-config="true" duration-ms="62878" started-at="2020-11-09T09:44:40Z" finished-at="2020-11-09T09:45:43Z">
          <reporter-output>
          </reporter-output>
        </test-method> <!-- launchSKApp -->
        <test-method status="PASS" signature="ManageTemplates()[pri:0, instance:com.TestNGScript.file.SK_LA_CovidCover@1d082e88]" name="ManageTemplates" duration-ms="52997" started-at="2020-11-09T09:45:43Z" finished-at="2020-11-09T09:46:36Z">
          <reporter-output>
          </reporter-output>
        </test-method> <!-- ManageTemplates -->
        <test-method status="PASS" signature="closeBrowser()[pri:0, instance:com.TestNGScript.file.SK_LA_CovidCover@1d082e88]" name="closeBrowser" is-config="true" duration-ms="1065" started-at="2020-11-09T09:46:36Z" finished-at="2020-11-09T09:46:37Z">
          <reporter-output>
          </reporter-output>
        </test-method> <!-- closeBrowser -->
      </class> <!-- com.TestNGScript.file.SK_LA_CovidCover -->
    </test> <!-- SK_LA_CovidCover -->
    <test name="SK_Login" duration-ms="206510" started-at="2020-11-09T09:46:37Z" finished-at="2020-11-09T09:50:03Z">
      <class name="com.TestNGScript.file.SK_Login">
        <test-method status="PASS" signature="launchSKApp()[pri:0, instance:com.TestNGScript.file.SK_Login@23529fee]" name="launchSKApp" is-config="true" duration-ms="57020" started-at="2020-11-09T09:46:37Z" finished-at="2020-11-09T09:47:34Z">
          <reporter-output>
          </reporter-output>
        </test-method> <!-- launchSKApp -->
        <test-method status="PASS" signature="loginSASafetyKuvrr()[pri:1, instance:com.TestNGScript.file.SK_Login@23529fee]" name="loginSASafetyKuvrr" duration-ms="14185" started-at="2020-11-09T09:47:34Z" finished-at="2020-11-09T09:47:48Z">
          <reporter-output>
          </reporter-output>
        </test-method> <!-- loginSASafetyKuvrr -->
        <test-method status="PASS" signature="closeBrowser()[pri:0, instance:com.TestNGScript.file.SK_Login@23529fee]" name="closeBrowser" is-config="true" duration-ms="1041" started-at="2020-11-09T09:47:48Z" finished-at="2020-11-09T09:47:49Z">
          <reporter-output>
          </reporter-output>
        </test-method> <!-- closeBrowser -->
        <test-method status="PASS" signature="launchSKApp()[pri:0, instance:com.TestNGScript.file.SK_Login@23529fee]" name="launchSKApp" is-config="true" duration-ms="47242" started-at="2020-11-09T09:47:49Z" finished-at="2020-11-09T09:48:36Z">
          <reporter-output>
          </reporter-output>
        </test-method> <!-- launchSKApp -->
        <test-method status="PASS" signature="loginLASafetyKuvrr()[pri:2, instance:com.TestNGScript.file.SK_Login@23529fee]" name="loginLASafetyKuvrr" duration-ms="15478" started-at="2020-11-09T09:48:36Z" finished-at="2020-11-09T09:48:52Z">
          <reporter-output>
          </reporter-output>
        </test-method> <!-- loginLASafetyKuvrr -->
        <test-method status="PASS" signature="closeBrowser()[pri:0, instance:com.TestNGScript.file.SK_Login@23529fee]" name="closeBrowser" is-config="true" duration-ms="990" started-at="2020-11-09T09:48:52Z" finished-at="2020-11-09T09:48:53Z">
          <reporter-output>
          </reporter-output>
        </test-method> <!-- closeBrowser -->
        <test-method status="PASS" signature="launchSKApp()[pri:0, instance:com.TestNGScript.file.SK_Login@23529fee]" name="launchSKApp" is-config="true" duration-ms="57457" started-at="2020-11-09T09:48:53Z" finished-at="2020-11-09T09:49:50Z">
          <reporter-output>
          </reporter-output>
        </test-method> <!-- launchSKApp -->
        <test-method status="PASS" signature="loginObsSafetyKuvrr()[pri:3, instance:com.TestNGScript.file.SK_Login@23529fee]" name="loginObsSafetyKuvrr" duration-ms="12073" started-at="2020-11-09T09:49:50Z" finished-at="2020-11-09T09:50:02Z">
          <reporter-output>
          </reporter-output>
        </test-method> <!-- loginObsSafetyKuvrr -->
        <test-method status="PASS" signature="closeBrowser()[pri:0, instance:com.TestNGScript.file.SK_Login@23529fee]" name="closeBrowser" is-config="true" duration-ms="1021" started-at="2020-11-09T09:50:02Z" finished-at="2020-11-09T09:50:03Z">
          <reporter-output>
          </reporter-output>
        </test-method> <!-- closeBrowser -->
      </class> <!-- com.TestNGScript.file.SK_Login -->
    </test> <!-- SK_Login -->
  </suite> <!-- Suite -->
</testng-results>
