<?xml version="1.0" encoding="UTF-8"?>
<!-- Generated by org.testng.reporters.JUnitReportReporter -->
<testsuite skipped="0" hostname="Chandan" name="com.TestNGScript.file.SK_LA_SurveyReports" tests="2" failures="0" timestamp="18 Jan 2021 22:20:57 GMT" time="272.208" errors="0">
  <testcase name="SurveyReports" time="135.791" classname="com.TestNGScript.file.SK_LA_SurveyReports"/>
  <testcase name="SurveyReports" time="136.417" classname="com.TestNGScript.file.SK_LA_SurveyReports"/>
</testsuite> <!-- com.TestNGScript.file.SK_LA_SurveyReports -->
