<?xml version="1.0" encoding="UTF-8"?>
<!-- Generated by org.testng.reporters.JUnitReportReporter -->
<testsuite skipped="0" hostname="Chandan" name="com.RestAssured.Api.Get_Regres_ListResource" tests="2" failures="0" timestamp="07 Jan 2021 15:04:47 GMT" time="9.661" errors="0">
  <testcase name="getListResource" time="6.884" classname="com.RestAssured.Api.Get_Regres_ListResource"/>
  <testcase name="getSingleUser" time="2.777" classname="com.RestAssured.Api.Get_Regres_ListResource"/>
</testsuite> <!-- com.RestAssured.Api.Get_Regres_ListResource -->
