<?xml version="1.0" encoding="UTF-8"?>
<!-- Generated by org.testng.reporters.JUnitReportReporter -->
<testsuite skipped="0" hostname="Chandan" name="com.TestNGScript.file.SK_LA_CreateVisitorPasses" tests="2" failures="0" timestamp="13 Aug 2020 12:27:32 GMT" time="264.099" errors="0">
  <testcase name="IssueVisitorPassWithSKApp" time="127.946" classname="com.TestNGScript.file.SK_LA_CreateVisitorPasses"/>
  <testcase name="IssueVisitorPassWithNotificationOnly" time="136.153" classname="com.TestNGScript.file.SK_LA_CreateVisitorPasses"/>
</testsuite> <!-- com.TestNGScript.file.SK_LA_CreateVisitorPasses -->
