<?xml version="1.0" encoding="UTF-8"?>
<!-- Generated by org.testng.reporters.JUnitReportReporter -->
<testsuite skipped="0" hostname="Chandan" name="com.TestNGScript.file.SK_LA_CreateVisitorPasses" tests="2" failures="1" timestamp="27 Aug 2020 14:26:09 GMT" time="219.145" errors="0">
  <testcase name="IssueVisitorPassWithSKApp" time="158.368" classname="com.TestNGScript.file.SK_LA_CreateVisitorPasses"/>
  <testcase name="IssueVisitorPassWithNotificationOnly" time="60.777" classname="com.TestNGScript.file.SK_LA_CreateVisitorPasses">
    <failure type="junit.framework.ComparisonFailure" message="expected:&lt;[Issue Visitor Pas]s&gt; but was:&lt;[Active Event]s&gt;">
      <![CDATA[junit.framework.ComparisonFailure: expected:<[Issue Visitor Pas]s> but was:<[Active Event]s>
at junit.framework.Assert.assertEquals(Assert.java:100)
at junit.framework.Assert.assertEquals(Assert.java:107)
at com.BussinessFlow.file.SK_IssueVisitorPassBL.verifyIssueVisitorPassNotificationOnly(SK_IssueVisitorPassBL.java:108)
at com.TestNGScript.file.SK_LA_CreateVisitorPasses.IssueVisitorPassWithNotificationOnly(SK_LA_CreateVisitorPasses.java:68)
at sun.reflect.NativeMethodAccessorImpl.invoke0(Native Method)
at sun.reflect.NativeMethodAccessorImpl.invoke(NativeMethodAccessorImpl.java:62)
at sun.reflect.DelegatingMethodAccessorImpl.invoke(DelegatingMethodAccessorImpl.java:43)
at java.lang.reflect.Method.invoke(Method.java:498)
at org.testng.internal.MethodInvocationHelper.invokeMethod(MethodInvocationHelper.java:124)
at org.testng.internal.Invoker.invokeMethod(Invoker.java:580)
at org.testng.internal.Invoker.invokeTestMethod(Invoker.java:716)
at org.testng.internal.Invoker.invokeTestMethods(Invoker.java:988)
at org.testng.internal.TestMethodWorker.invokeTestMethods(TestMethodWorker.java:125)
at org.testng.internal.TestMethodWorker.run(TestMethodWorker.java:109)
at org.testng.TestRunner.privateRun(TestRunner.java:648)
at org.testng.TestRunner.run(TestRunner.java:505)
at org.testng.SuiteRunner.runTest(SuiteRunner.java:455)
at org.testng.SuiteRunner.runSequentially(SuiteRunner.java:450)
at org.testng.SuiteRunner.privateRun(SuiteRunner.java:415)
at org.testng.SuiteRunner.run(SuiteRunner.java:364)
at org.testng.SuiteRunnerWorker.runSuite(SuiteRunnerWorker.java:52)
at org.testng.SuiteRunnerWorker.run(SuiteRunnerWorker.java:84)
at org.testng.TestNG.runSuitesSequentially(TestNG.java:1208)
at org.testng.TestNG.runSuitesLocally(TestNG.java:1137)
at org.testng.TestNG.runSuites(TestNG.java:1049)
at org.testng.TestNG.run(TestNG.java:1017)
at org.testng.remote.AbstractRemoteTestNG.run(AbstractRemoteTestNG.java:114)
at org.testng.remote.RemoteTestNG.initAndRun(RemoteTestNG.java:251)
at org.testng.remote.RemoteTestNG.main(RemoteTestNG.java:77)
]]>
    </failure>
  </testcase> <!-- IssueVisitorPassWithNotificationOnly -->
</testsuite> <!-- com.TestNGScript.file.SK_LA_CreateVisitorPasses -->
