<?xml version="1.0" encoding="UTF-8"?>
<!-- Generated by org.testng.reporters.JUnitReportReporter -->
<testsuite skipped="0" hostname="Chandan" name="com.TestNGScript.file.SK_LA_SurveyReports" tests="2" failures="0" timestamp="20 Jan 2021 10:28:07 GMT" time="396.016" errors="0">
  <testcase name="SurveyReports" time="196.470" classname="com.TestNGScript.file.SK_LA_SurveyReports"/>
  <testcase name="SurveyReports" time="199.546" classname="com.TestNGScript.file.SK_LA_SurveyReports"/>
</testsuite> <!-- com.TestNGScript.file.SK_LA_SurveyReports -->
