<?xml version="1.0" encoding="UTF-8"?>
<!-- Generated by org.testng.reporters.JUnitReportReporter -->
<testsuite skipped="0" hostname="Chandan" name="com.TestNGScript.file.SK_LA_SurveyReports" tests="2" failures="0" timestamp="29 Jan 2021 15:43:58 GMT" time="315.764" errors="0">
  <testcase name="SurveyReports" time="162.239" classname="com.TestNGScript.file.SK_LA_SurveyReports"/>
  <testcase name="SurveyReports" time="153.525" classname="com.TestNGScript.file.SK_LA_SurveyReports"/>
</testsuite> <!-- com.TestNGScript.file.SK_LA_SurveyReports -->
